# JRE version: Java(TM) SE Runtime Environment (8.0_45-b15) (build 1.8.0_45-b15)
# Java VM: Java HotSpot(TM) 64-Bit Server VM (25.45-b02 mixed mode windows-amd64 compressed oops)
Heap:
 PSYoungGen      total 113664K, used 40968K [0x00000000eab00000, 0x00000000f2700000, 0x0000000100000000)
  eden space 100352K, 40% used [0x00000000eab00000,0x00000000ed302060,0x00000000f0d00000)
  from space 13312K, 0% used [0x00000000f0d00000,0x00000000f0d00000,0x00000000f1a00000)
  to   space 11776K, 0% used [0x00000000f1b80000,0x00000000f1b80000,0x00000000f2700000)
 ParOldGen       total 62976K, used 19735K [0x00000000c0000000, 0x00000000c3d80000, 0x00000000eab00000)
  object space 62976K, 31% used [0x00000000c0000000,0x00000000c1345fb0,0x00000000c3d80000)
 Metaspace       used 36059K, capacity 36852K, committed 37120K, reserved 1081344K
  class space    used 4844K, capacity 5068K, committed 5120K, reserved 1048576K
GC Heap History (10 events):
Event: 5.869 GC heap before
{Heap before GC invocations=9 (full 1):
 PSYoungGen      total 62464K, used 52992K [0x00000000eab00000, 0x00000000f1080000, 0x0000000100000000)
  eden space 51200K, 100% used [0x00000000eab00000,0x00000000edd00000,0x00000000edd00000)
  from space 11264K, 15% used [0x00000000edd00000,0x00000000edec0030,0x00000000ee800000)
  to   space 11264K, 0% used [0x00000000f0580000,0x00000000f0580000,0x00000000f1080000)
 ParOldGen       total 62976K, used 10699K [0x00000000c0000000, 0x00000000c3d80000, 0x00000000eab00000)
  object space 62976K, 16% used [0x00000000c0000000,0x00000000c0a72d68,0x00000000c3d80000)
 Metaspace       used 21081K, capacity 21470K, committed 21632K, reserved 1069056K
  class space    used 2746K, capacity 2885K, committed 2944K, reserved 1048576K
Event: 5.874 GC heap after
Heap after GC invocations=9 (full 1):
 PSYoungGen      total 86528K, used 2560K [0x00000000eab00000, 0x00000000f0d00000, 0x0000000100000000)
  eden space 78848K, 0% used [0x00000000eab00000,0x00000000eab00000,0x00000000ef800000)
  from space 7680K, 33% used [0x00000000f0580000,0x00000000f0800030,0x00000000f0d00000)
  to   space 10752K, 0% used [0x00000000ef800000,0x00000000ef800000,0x00000000f0280000)
 ParOldGen       total 62976K, used 10699K [0x00000000c0000000, 0x00000000c3d80000, 0x00000000eab00000)
  object space 62976K, 16% used [0x00000000c0000000,0x00000000c0a72d68,0x00000000c3d80000)
 Metaspace       used 21081K, capacity 21470K, committed 21632K, reserved 1069056K
  class space    used 2746K, capacity 2885K, committed 2944K, reserved 1048576K
}
Event: 8.008 GC heap before
{Heap before GC invocations=10 (full 1):
 PSYoungGen      total 86528K, used 81408K [0x00000000eab00000, 0x00000000f0d00000, 0x0000000100000000)
  eden space 78848K, 100% used [0x00000000eab00000,0x00000000ef800000,0x00000000ef800000)
  from space 7680K, 33% used [0x00000000f0580000,0x00000000f0800030,0x00000000f0d00000)
  to   space 10752K, 0% used [0x00000000ef800000,0x00000000ef800000,0x00000000f0280000)
 ParOldGen       total 62976K, used 10699K [0x00000000c0000000, 0x00000000c3d80000, 0x00000000eab00000)
  object space 62976K, 16% used [0x00000000c0000000,0x00000000c0a72d68,0x00000000c3d80000)
 Metaspace       used 26476K, capacity 27070K, committed 27392K, reserved 1073152K
  class space    used 3568K, capacity 3736K, committed 3840K, reserved 1048576K
Event: 8.031 GC heap after
Heap after GC invocations=10 (full 1):
 PSYoungGen      total 89600K, used 9855K [0x00000000eab00000, 0x00000000f2780000, 0x0000000100000000)
  eden space 78848K, 0% used [0x00000000eab00000,0x00000000eab00000,0x00000000ef800000)
  from space 10752K, 91% used [0x00000000ef800000,0x00000000f019fce8,0x00000000f0280000)
  to   space 12288K, 0% used [0x00000000f1b80000,0x00000000f1b80000,0x00000000f2780000)
 ParOldGen       total 62976K, used 11171K [0x00000000c0000000, 0x00000000c3d80000, 0x00000000eab00000)
  object space 62976K, 17% used [0x00000000c0000000,0x00000000c0ae8da8,0x00000000c3d80000)
 Metaspace       used 26476K, capacity 27070K, committed 27392K, reserved 1073152K
  class space    used 3568K, capacity 3736K, committed 3840K, reserved 1048576K
}
Event: 12.395 GC heap before
{Heap before GC invocations=11 (full 1):
 PSYoungGen      total 89600K, used 88703K [0x00000000eab00000, 0x00000000f2780000, 0x0000000100000000)
  eden space 78848K, 100% used [0x00000000eab00000,0x00000000ef800000,0x00000000ef800000)
  from space 10752K, 91% used [0x00000000ef800000,0x00000000f019fce8,0x00000000f0280000)
  to   space 12288K, 0% used [0x00000000f1b80000,0x00000000f1b80000,0x00000000f2780000)
 ParOldGen       total 62976K, used 11171K [0x00000000c0000000, 0x00000000c3d80000, 0x00000000eab00000)
  object space 62976K, 17% used [0x00000000c0000000,0x00000000c0ae8da8,0x00000000c3d80000)
 Metaspace       used 30584K, capacity 31208K, committed 31488K, reserved 1077248K
  class space    used 4074K, capacity 4234K, committed 4352K, reserved 1048576K
Event: 12.406 GC heap after
Heap after GC invocations=11 (full 1):
 PSYoungGen      total 112128K, used 10125K [0x00000000eab00000, 0x00000000f2700000, 0x0000000100000000)
  eden space 100352K, 0% used [0x00000000eab00000,0x00000000eab00000,0x00000000f0d00000)
  from space 11776K, 85% used [0x00000000f1b80000,0x00000000f25635b8,0x00000000f2700000)
  to   space 13312K, 0% used [0x00000000f0d00000,0x00000000f0d00000,0x00000000f1a00000)
 ParOldGen       total 62976K, used 11387K [0x00000000c0000000, 0x00000000c3d80000, 0x00000000eab00000)
  object space 62976K, 18% used [0x00000000c0000000,0x00000000c0b1edb8,0x00000000c3d80000)
 Metaspace       used 30584K, capacity 31208K, committed 31488K, reserved 1077248K
  class space    used 4074K, capacity 4234K, committed 4352K, reserved 1048576K
}
Event: 13.361 GC heap before
{Heap before GC invocations=12 (full 1):
 PSYoungGen      total 112128K, used 50946K [0x00000000eab00000, 0x00000000f2700000, 0x0000000100000000)
  eden space 100352K, 40% used [0x00000000eab00000,0x00000000ed2dd398,0x00000000f0d00000)
  from space 11776K, 85% used [0x00000000f1b80000,0x00000000f25635b8,0x00000000f2700000)
  to   space 13312K, 0% used [0x00000000f0d00000,0x00000000f0d00000,0x00000000f1a00000)
 ParOldGen       total 62976K, used 11387K [0x00000000c0000000, 0x00000000c3d80000, 0x00000000eab00000)
  object space 62976K, 18% used [0x00000000c0000000,0x00000000c0b1edb8,0x00000000c3d80000)
 Metaspace       used 34561K, capacity 35324K, committed 35496K, reserved 1079296K
  class space    used 4631K, capacity 4861K, committed 4864K, reserved 1048576K
Event: 13.379 GC heap after
Heap after GC invocations=12 (full 1):
 PSYoungGen      total 113664K, used 12949K [0x00000000eab00000, 0x00000000f2700000, 0x0000000100000000)
  eden space 100352K, 0% used [0x00000000eab00000,0x00000000eab00000,0x00000000f0d00000)
  from space 13312K, 97% used [0x00000000f0d00000,0x00000000f19a5528,0x00000000f1a00000)
  to   space 11776K, 0% used [0x00000000f1b80000,0x00000000f1b80000,0x00000000f2700000)
 ParOldGen       total 62976K, used 11395K [0x00000000c0000000, 0x00000000c3d80000, 0x00000000eab00000)
  object space 62976K, 18% used [0x00000000c0000000,0x00000000c0b20db8,0x00000000c3d80000)
 Metaspace       used 34561K, capacity 35324K, committed 35496K, reserved 1079296K
  class space    used 4631K, capacity 4861K, committed 4864K, reserved 1048576K
}
Event: 13.379 GC heap before
{Heap before GC invocations=13 (full 2):
 PSYoungGen      total 113664K, used 12949K [0x00000000eab00000, 0x00000000f2700000, 0x0000000100000000)
  eden space 100352K, 0% used [0x00000000eab00000,0x00000000eab00000,0x00000000f0d00000)
  from space 13312K, 97% used [0x00000000f0d00000,0x00000000f19a5528,0x00000000f1a00000)
  to   space 11776K, 0% used [0x00000000f1b80000,0x00000000f1b80000,0x00000000f2700000)
 ParOldGen       total 62976K, used 11395K [0x00000000c0000000, 0x00000000c3d80000, 0x00000000eab00000)
  object space 62976K, 18% used [0x00000000c0000000,0x00000000c0b20db8,0x00000000c3d80000)
 Metaspace       used 34561K, capacity 35324K, committed 35496K, reserved 1079296K
  class space    used 4631K, capacity 4861K, committed 4864K, reserved 1048576K
Event: 13.580 GC heap after
Heap after GC invocations=13 (full 2):
 PSYoungGen      total 113664K, used 0K [0x00000000eab00000, 0x00000000f2700000, 0x0000000100000000)
  eden space 100352K, 0% used [0x00000000eab00000,0x00000000eab00000,0x00000000f0d00000)
  from space 13312K, 0% used [0x00000000f0d00000,0x00000000f0d00000,0x00000000f1a00000)
  to   space 11776K, 0% used [0x00000000f1b80000,0x00000000f1b80000,0x00000000f2700000)
 ParOldGen       total 62976K, used 19735K [0x00000000c0000000, 0x00000000c3d80000, 0x00000000eab00000)
  object space 62976K, 31% used [0x00000000c0000000,0x00000000c1345fb0,0x00000000c3d80000)
 Metaspace       used 34542K, capacity 35302K, committed 35496K, reserved 1079296K
  class space    used 4625K, capacity 4855K, committed 4864K, reserved 1048576K
}

