# JRE version: Java(TM) SE Runtime Environment (8.0_45-b15) (build 1.8.0_45-b15)
# Java VM: Java HotSpot(TM) 64-Bit Server VM (25.45-b02 mixed mode windows-amd64 compressed oops)
Heap:
 PSYoungGen      total 232960K, used 158034K [0x00000000eab00000, 0x0000000100000000, 0x0000000100000000)
  eden space 116736K, 100% used [0x00000000eab00000,0x00000000f1d00000,0x00000000f1d00000)
  from space 116224K, 35% used [0x00000000f1d00000,0x00000000f4554b38,0x00000000f8e80000)
  to   space 116224K, 0% used [0x00000000f8e80000,0x00000000f8f61e10,0x0000000100000000)
 ParOldGen       total 429568K, used 263545K [0x00000000c0000000, 0x00000000da380000, 0x00000000eab00000)
  object space 429568K, 61% used [0x00000000c0000000,0x00000000d0162418,0x00000000da380000)
 Metaspace       used 6466K, capacity 7256K, committed 7424K, reserved 1056768K
  class space    used 614K, capacity 656K, committed 768K, reserved 1048576K
GC Heap History (10 events):
Event: 13.837 GC heap before
{Heap before GC invocations=12 (full 2):
 PSYoungGen      total 246272K, used 246243K [0x00000000eab00000, 0x0000000100000000, 0x0000000100000000)
  eden space 143360K, 100% used [0x00000000eab00000,0x00000000f3700000,0x00000000f3700000)
  from space 102912K, 99% used [0x00000000f3700000,0x00000000f9b78e58,0x00000000f9b80000)
  to   space 102912K, 0% used [0x00000000f9b80000,0x00000000f9b80000,0x0000000100000000)
 ParOldGen       total 303616K, used 208415K [0x00000000c0000000, 0x00000000d2880000, 0x00000000eab00000)
  object space 303616K, 68% used [0x00000000c0000000,0x00000000ccb87c78,0x00000000d2880000)
 Metaspace       used 6458K, capacity 7256K, committed 7424K, reserved 1056768K
  class space    used 614K, capacity 656K, committed 768K, reserved 1048576K
Event: 14.024 GC heap after
Heap after GC invocations=12 (full 2):
 PSYoungGen      total 219648K, used 102895K [0x00000000eab00000, 0x0000000100000000, 0x0000000100000000)
  eden space 116736K, 0% used [0x00000000eab00000,0x00000000eab00000,0x00000000f1d00000)
  from space 102912K, 99% used [0x00000000f9b80000,0x00000000ffffbd50,0x0000000100000000)
  to   space 116224K, 0% used [0x00000000f1d00000,0x00000000f1d00000,0x00000000f8e80000)
 ParOldGen       total 303616K, used 284452K [0x00000000c0000000, 0x00000000d2880000, 0x00000000eab00000)
  object space 303616K, 93% used [0x00000000c0000000,0x00000000d15c9278,0x00000000d2880000)
 Metaspace       used 6458K, capacity 7256K, committed 7424K, reserved 1056768K
  class space    used 614K, capacity 656K, committed 768K, reserved 1048576K
}
Event: 14.024 GC heap before
{Heap before GC invocations=13 (full 3):
 PSYoungGen      total 219648K, used 102895K [0x00000000eab00000, 0x0000000100000000, 0x0000000100000000)
  eden space 116736K, 0% used [0x00000000eab00000,0x00000000eab00000,0x00000000f1d00000)
  from space 102912K, 99% used [0x00000000f9b80000,0x00000000ffffbd50,0x0000000100000000)
  to   space 116224K, 0% used [0x00000000f1d00000,0x00000000f1d00000,0x00000000f8e80000)
 ParOldGen       total 303616K, used 284452K [0x00000000c0000000, 0x00000000d2880000, 0x00000000eab00000)
  object space 303616K, 93% used [0x00000000c0000000,0x00000000d15c9278,0x00000000d2880000)
 Metaspace       used 6458K, capacity 7256K, committed 7424K, reserved 1056768K
  class space    used 614K, capacity 656K, committed 768K, reserved 1048576K
Event: 14.674 GC heap after
Heap after GC invocations=13 (full 3):
 PSYoungGen      total 219648K, used 0K [0x00000000eab00000, 0x0000000100000000, 0x0000000100000000)
  eden space 116736K, 0% used [0x00000000eab00000,0x00000000eab00000,0x00000000f1d00000)
  from space 102912K, 0% used [0x00000000f9b80000,0x00000000f9b80000,0x0000000100000000)
  to   space 116224K, 0% used [0x00000000f1d00000,0x00000000f1d00000,0x00000000f8e80000)
 ParOldGen       total 429568K, used 214313K [0x00000000c0000000, 0x00000000da380000, 0x00000000eab00000)
  object space 429568K, 49% used [0x00000000c0000000,0x00000000cd14a658,0x00000000da380000)
 Metaspace       used 6458K, capacity 7256K, committed 7424K, reserved 1056768K
  class space    used 614K, capacity 656K, committed 768K, reserved 1048576K
}
Event: 14.858 GC heap before
{Heap before GC invocations=14 (full 3):
 PSYoungGen      total 219648K, used 116736K [0x00000000eab00000, 0x0000000100000000, 0x0000000100000000)
  eden space 116736K, 100% used [0x00000000eab00000,0x00000000f1d00000,0x00000000f1d00000)
  from space 102912K, 0% used [0x00000000f9b80000,0x00000000f9b80000,0x0000000100000000)
  to   space 116224K, 0% used [0x00000000f1d00000,0x00000000f1d00000,0x00000000f8e80000)
 ParOldGen       total 429568K, used 214313K [0x00000000c0000000, 0x00000000da380000, 0x00000000eab00000)
  object space 429568K, 49% used [0x00000000c0000000,0x00000000cd14a658,0x00000000da380000)
 Metaspace       used 6461K, capacity 7256K, committed 7424K, reserved 1056768K
  class space    used 614K, capacity 656K, committed 768K, reserved 1048576K
Event: 14.945 GC heap after
Heap after GC invocations=14 (full 3):
 PSYoungGen      total 232960K, used 38331K [0x00000000eab00000, 0x0000000100000000, 0x0000000100000000)
  eden space 116736K, 0% used [0x00000000eab00000,0x00000000eab00000,0x00000000f1d00000)
  from space 116224K, 32% used [0x00000000f1d00000,0x00000000f426ecd8,0x00000000f8e80000)
  to   space 116224K, 0% used [0x00000000f8e80000,0x00000000f8e80000,0x0000000100000000)
 ParOldGen       total 429568K, used 214313K [0x00000000c0000000, 0x00000000da380000, 0x00000000eab00000)
  object space 429568K, 49% used [0x00000000c0000000,0x00000000cd14a658,0x00000000da380000)
 Metaspace       used 6461K, capacity 7256K, committed 7424K, reserved 1056768K
  class space    used 614K, capacity 656K, committed 768K, reserved 1048576K
}
Event: 15.377 GC heap before
{Heap before GC invocations=15 (full 3):
 PSYoungGen      total 232960K, used 155067K [0x00000000eab00000, 0x0000000100000000, 0x0000000100000000)
  eden space 116736K, 100% used [0x00000000eab00000,0x00000000f1d00000,0x00000000f1d00000)
  from space 116224K, 32% used [0x00000000f1d00000,0x00000000f426ecd8,0x00000000f8e80000)
  to   space 116224K, 0% used [0x00000000f8e80000,0x00000000f8e80000,0x0000000100000000)
 ParOldGen       total 429568K, used 214313K [0x00000000c0000000, 0x00000000da380000, 0x00000000eab00000)
  object space 429568K, 49% used [0x00000000c0000000,0x00000000cd14a658,0x00000000da380000)
 Metaspace       used 6463K, capacity 7256K, committed 7424K, reserved 1056768K
  class space    used 614K, capacity 656K, committed 768K, reserved 1048576K
Event: 15.470 GC heap after
Heap after GC invocations=15 (full 3):
 PSYoungGen      total 232960K, used 53357K [0x00000000eab00000, 0x0000000100000000, 0x0000000100000000)
  eden space 116736K, 0% used [0x00000000eab00000,0x00000000eab00000,0x00000000f1d00000)
  from space 116224K, 45% used [0x00000000f8e80000,0x00000000fc29b4e0,0x0000000100000000)
  to   space 116224K, 0% used [0x00000000f1d00000,0x00000000f1d00000,0x00000000f8e80000)
 ParOldGen       total 429568K, used 214321K [0x00000000c0000000, 0x00000000da380000, 0x00000000eab00000)
  object space 429568K, 49% used [0x00000000c0000000,0x00000000cd14c658,0x00000000da380000)
 Metaspace       used 6463K, capacity 7256K, committed 7424K, reserved 1056768K
  class space    used 614K, capacity 656K, committed 768K, reserved 1048576K
}
Event: 15.892 GC heap before
{Heap before GC invocations=16 (full 3):
 PSYoungGen      total 232960K, used 170093K [0x00000000eab00000, 0x0000000100000000, 0x0000000100000000)
  eden space 116736K, 100% used [0x00000000eab00000,0x00000000f1d00000,0x00000000f1d00000)
  from space 116224K, 45% used [0x00000000f8e80000,0x00000000fc29b4e0,0x0000000100000000)
  to   space 116224K, 0% used [0x00000000f1d00000,0x00000000f1d00000,0x00000000f8e80000)
 ParOldGen       total 429568K, used 214321K [0x00000000c0000000, 0x00000000da380000, 0x00000000eab00000)
  object space 429568K, 49% used [0x00000000c0000000,0x00000000cd14c658,0x00000000da380000)
 Metaspace       used 6465K, capacity 7256K, committed 7424K, reserved 1056768K
  class space    used 614K, capacity 656K, committed 768K, reserved 1048576K
Event: 15.991 GC heap after
Heap after GC invocations=16 (full 3):
 PSYoungGen      total 232960K, used 41298K [0x00000000eab00000, 0x0000000100000000, 0x0000000100000000)
  eden space 116736K, 0% used [0x00000000eab00000,0x00000000eab00000,0x00000000f1d00000)
  from space 116224K, 35% used [0x00000000f1d00000,0x00000000f4554b38,0x00000000f8e80000)
  to   space 116224K, 0% used [0x00000000f8e80000,0x00000000f8e80000,0x0000000100000000)
 ParOldGen       total 429568K, used 262921K [0x00000000c0000000, 0x00000000da380000, 0x00000000eab00000)
  object space 429568K, 61% used [0x00000000c0000000,0x00000000d00c2528,0x00000000da380000)
 Metaspace       used 6465K, capacity 7256K, committed 7424K, reserved 1056768K
  class space    used 614K, capacity 656K, committed 768K, reserved 1048576K
}

